2014/09/28 17:31:08 [error] [exception.CHttpException.404] exception 'CHttpException' with message 'Системе не удалось найти запрашиваемое действие "js".' in /home/sergey/public_html/kaskadstroy/yii/framework/web/CController.php:483
Stack trace:
#0 /home/sergey/public_html/kaskadstroy/yii/framework/web/CController.php(270): CController->missingAction('js')
#1 /home/sergey/public_html/kaskadstroy/yii/framework/web/CWebApplication.php(282): CController->run('js')
#2 /home/sergey/public_html/kaskadstroy/yii/framework/web/CWebApplication.php(141): CWebApplication->runController('ipoteka/js/jque...')
#3 /home/sergey/public_html/kaskadstroy/yii/framework/base/CApplication.php(180): CWebApplication->processRequest()
#4 /home/sergey/public_html/kaskadstroy/index.php(13): CApplication->run()
#5 {main}
REQUEST_URI=/index.php/ipoteka/js/jquery.magnific-popup.js
HTTP_REFERER=http://kaskadstroy/index.php/ipoteka/ipoteka
---
2014/09/28 17:31:08 [error] [exception.CHttpException.404] exception 'CHttpException' with message 'Системе не удалось найти запрашиваемое действие "js".' in /home/sergey/public_html/kaskadstroy/yii/framework/web/CController.php:483
Stack trace:
#0 /home/sergey/public_html/kaskadstroy/yii/framework/web/CController.php(270): CController->missingAction('js')
#1 /home/sergey/public_html/kaskadstroy/yii/framework/web/CWebApplication.php(282): CController->run('js')
#2 /home/sergey/public_html/kaskadstroy/yii/framework/web/CWebApplication.php(141): CWebApplication->runController('ipoteka/js/jque...')
#3 /home/sergey/public_html/kaskadstroy/yii/framework/base/CApplication.php(180): CWebApplication->processRequest()
#4 /home/sergey/public_html/kaskadstroy/index.php(13): CApplication->run()
#5 {main}
REQUEST_URI=/index.php/ipoteka/js/jquery.simpleplaceholder.js
HTTP_REFERER=http://kaskadstroy/index.php/ipoteka/ipoteka
---
2014/09/28 17:31:08 [error] [exception.CHttpException.404] exception 'CHttpException' with message 'Системе не удалось найти запрашиваемое действие "js".' in /home/sergey/public_html/kaskadstroy/yii/framework/web/CController.php:483
Stack trace:
#0 /home/sergey/public_html/kaskadstroy/yii/framework/web/CController.php(270): CController->missingAction('js')
#1 /home/sergey/public_html/kaskadstroy/yii/framework/web/CWebApplication.php(282): CController->run('js')
#2 /home/sergey/public_html/kaskadstroy/yii/framework/web/CWebApplication.php(141): CWebApplication->runController('ipoteka/js/w-se...')
#3 /home/sergey/public_html/kaskadstroy/yii/framework/base/CApplication.php(180): CWebApplication->processRequest()
#4 /home/sergey/public_html/kaskadstroy/index.php(13): CApplication->run()
#5 {main}
REQUEST_URI=/index.php/ipoteka/js/w-search.js
HTTP_REFERER=http://kaskadstroy/index.php/ipoteka/ipoteka
---
2014/09/28 17:31:08 [error] [exception.CHttpException.404] exception 'CHttpException' with message 'Системе не удалось найти запрашиваемое действие "js".' in /home/sergey/public_html/kaskadstroy/yii/framework/web/CController.php:483
Stack trace:
#0 /home/sergey/public_html/kaskadstroy/yii/framework/web/CController.php(270): CController->missingAction('js')
#1 /home/sergey/public_html/kaskadstroy/yii/framework/web/CWebApplication.php(282): CController->run('js')
#2 /home/sergey/public_html/kaskadstroy/yii/framework/web/CWebApplication.php(141): CWebApplication->runController('ipoteka/js/w-sw...')
#3 /home/sergey/public_html/kaskadstroy/yii/framework/base/CApplication.php(180): CWebApplication->processRequest()
#4 /home/sergey/public_html/kaskadstroy/index.php(13): CApplication->run()
#5 {main}
REQUEST_URI=/index.php/ipoteka/js/w-switcher.js
HTTP_REFERER=http://kaskadstroy/index.php/ipoteka/ipoteka
---
2014/09/28 17:31:08 [error] [exception.CHttpException.404] exception 'CHttpException' with message 'Системе не удалось найти запрашиваемое действие "js".' in /home/sergey/public_html/kaskadstroy/yii/framework/web/CController.php:483
Stack trace:
#0 /home/sergey/public_html/kaskadstroy/yii/framework/web/CController.php(270): CController->missingAction('js')
#1 /home/sergey/public_html/kaskadstroy/yii/framework/web/CWebApplication.php(282): CController->run('js')
#2 /home/sergey/public_html/kaskadstroy/yii/framework/web/CWebApplication.php(141): CWebApplication->runController('ipoteka/js/plug...')
#3 /home/sergey/public_html/kaskadstroy/yii/framework/base/CApplication.php(180): CWebApplication->processRequest()
#4 /home/sergey/public_html/kaskadstroy/index.php(13): CApplication->run()
#5 {main}
REQUEST_URI=/index.php/ipoteka/js/plugins.js
HTTP_REFERER=http://kaskadstroy/index.php/ipoteka/ipoteka
---
2014/09/28 17:31:08 [error] [exception.CHttpException.404] exception 'CHttpException' with message 'Системе не удалось найти запрашиваемое действие "js".' in /home/sergey/public_html/kaskadstroy/yii/framework/web/CController.php:483
Stack trace:
#0 /home/sergey/public_html/kaskadstroy/yii/framework/web/CController.php(270): CController->missingAction('js')
#1 /home/sergey/public_html/kaskadstroy/yii/framework/web/CWebApplication.php(282): CController->run('js')
#2 /home/sergey/public_html/kaskadstroy/yii/framework/web/CWebApplication.php(141): CWebApplication->runController('ipoteka/js/jque...')
#3 /home/sergey/public_html/kaskadstroy/yii/framework/base/CApplication.php(180): CWebApplication->processRequest()
#4 /home/sergey/public_html/kaskadstroy/index.php(13): CApplication->run()
#5 {main}
REQUEST_URI=/index.php/ipoteka/js/jquery.themepunch.plugins.min.js
HTTP_REFERER=http://kaskadstroy/index.php/ipoteka/ipoteka
---
2014/09/28 17:31:08 [error] [exception.CHttpException.404] exception 'CHttpException' with message 'Системе не удалось найти запрашиваемое действие "js".' in /home/sergey/public_html/kaskadstroy/yii/framework/web/CController.php:483
Stack trace:
#0 /home/sergey/public_html/kaskadstroy/yii/framework/web/CController.php(270): CController->missingAction('js')
#1 /home/sergey/public_html/kaskadstroy/yii/framework/web/CWebApplication.php(282): CController->run('js')
#2 /home/sergey/public_html/kaskadstroy/yii/framework/web/CWebApplication.php(141): CWebApplication->runController('ipoteka/js/jque...')
#3 /home/sergey/public_html/kaskadstroy/yii/framework/base/CApplication.php(180): CWebApplication->processRequest()
#4 /home/sergey/public_html/kaskadstroy/index.php(13): CApplication->run()
#5 {main}
REQUEST_URI=/index.php/ipoteka/js/jquery.themepunch.revolution.min.js
HTTP_REFERER=http://kaskadstroy/index.php/ipoteka/ipoteka
---
2014/09/28 17:31:08 [error] [exception.CHttpException.404] exception 'CHttpException' with message 'Системе не удалось найти запрашиваемое действие "js".' in /home/sergey/public_html/kaskadstroy/yii/framework/web/CController.php:483
Stack trace:
#0 /home/sergey/public_html/kaskadstroy/yii/framework/web/CController.php(270): CController->missingAction('js')
#1 /home/sergey/public_html/kaskadstroy/yii/framework/web/CWebApplication.php(282): CController->run('js')
#2 /home/sergey/public_html/kaskadstroy/yii/framework/web/CWebApplication.php(141): CWebApplication->runController('ipoteka/js/navT...')
#3 /home/sergey/public_html/kaskadstroy/yii/framework/base/CApplication.php(180): CWebApplication->processRequest()
#4 /home/sergey/public_html/kaskadstroy/index.php(13): CApplication->run()
#5 {main}
REQUEST_URI=/index.php/ipoteka/js/navToSelect.js
HTTP_REFERER=http://kaskadstroy/index.php/ipoteka/ipoteka
---
2014/09/28 17:31:08 [error] [exception.CHttpException.404] exception 'CHttpException' with message 'Системе не удалось найти запрашиваемое действие "js".' in /home/sergey/public_html/kaskadstroy/yii/framework/web/CController.php:483
Stack trace:
#0 /home/sergey/public_html/kaskadstroy/yii/framework/web/CController.php(270): CController->missingAction('js')
#1 /home/sergey/public_html/kaskadstroy/yii/framework/web/CWebApplication.php(282): CController->run('js')
#2 /home/sergey/public_html/kaskadstroy/yii/framework/web/CWebApplication.php(141): CWebApplication->runController('ipoteka/js/jque...')
#3 /home/sergey/public_html/kaskadstroy/yii/framework/base/CApplication.php(180): CWebApplication->processRequest()
#4 /home/sergey/public_html/kaskadstroy/index.php(13): CApplication->run()
#5 {main}
REQUEST_URI=/index.php/ipoteka/js/jquery.tweet.js
HTTP_REFERER=http://kaskadstroy/index.php/ipoteka/ipoteka
---
2014/09/28 17:31:08 [error] [exception.CHttpException.404] exception 'CHttpException' with message 'Системе не удалось найти запрашиваемое действие "js".' in /home/sergey/public_html/kaskadstroy/yii/framework/web/CController.php:483
Stack trace:
#0 /home/sergey/public_html/kaskadstroy/yii/framework/web/CController.php(270): CController->missingAction('js')
#1 /home/sergey/public_html/kaskadstroy/yii/framework/web/CWebApplication.php(282): CController->run('js')
#2 /home/sergey/public_html/kaskadstroy/yii/framework/web/CWebApplication.php(141): CWebApplication->runController('ipoteka/js/w-ta...')
#3 /home/sergey/public_html/kaskadstroy/yii/framework/base/CApplication.php(180): CWebApplication->processRequest()
#4 /home/sergey/public_html/kaskadstroy/index.php(13): CApplication->run()
#5 {main}
REQUEST_URI=/index.php/ipoteka/js/w-tabs.js
HTTP_REFERER=http://kaskadstroy/index.php/ipoteka/ipoteka
---
2014/09/28 17:31:08 [error] [exception.CHttpException.404] exception 'CHttpException' with message 'Системе не удалось найти запрашиваемое действие "js".' in /home/sergey/public_html/kaskadstroy/yii/framework/web/CController.php:483
Stack trace:
#0 /home/sergey/public_html/kaskadstroy/yii/framework/web/CController.php(270): CController->missingAction('js')
#1 /home/sergey/public_html/kaskadstroy/yii/framework/web/CWebApplication.php(282): CController->run('js')
#2 /home/sergey/public_html/kaskadstroy/yii/framework/web/CWebApplication.php(141): CWebApplication->runController('ipoteka/js/wayp...')
#3 /home/sergey/public_html/kaskadstroy/yii/framework/base/CApplication.php(180): CWebApplication->processRequest()
#4 /home/sergey/public_html/kaskadstroy/index.php(13): CApplication->run()
#5 {main}
REQUEST_URI=/index.php/ipoteka/js/waypoints.min.js
HTTP_REFERER=http://kaskadstroy/index.php/ipoteka/ipoteka
---
2014/09/28 17:31:08 [error] [exception.CHttpException.404] exception 'CHttpException' with message 'Системе не удалось найти запрашиваемое действие "js".' in /home/sergey/public_html/kaskadstroy/yii/framework/web/CController.php:483
Stack trace:
#0 /home/sergey/public_html/kaskadstroy/yii/framework/web/CController.php(270): CController->missingAction('js')
#1 /home/sergey/public_html/kaskadstroy/yii/framework/web/CWebApplication.php(282): CController->run('js')
#2 /home/sergey/public_html/kaskadstroy/yii/framework/web/CWebApplication.php(141): CWebApplication->runController('ipoteka/js/w-la...')
#3 /home/sergey/public_html/kaskadstroy/yii/framework/base/CApplication.php(180): CWebApplication->processRequest()
#4 /home/sergey/public_html/kaskadstroy/index.php(13): CApplication->run()
#5 {main}
REQUEST_URI=/index.php/ipoteka/js/w-lang.js
HTTP_REFERER=http://kaskadstroy/index.php/ipoteka/ipoteka
---
2014/09/28 17:31:08 [error] [exception.CHttpException.404] exception 'CHttpException' with message 'Системе не удалось найти запрашиваемое действие "js".' in /home/sergey/public_html/kaskadstroy/yii/framework/web/CController.php:483
Stack trace:
#0 /home/sergey/public_html/kaskadstroy/yii/framework/web/CController.php(270): CController->missingAction('js')
#1 /home/sergey/public_html/kaskadstroy/yii/framework/web/CWebApplication.php(282): CController->run('js')
#2 /home/sergey/public_html/kaskadstroy/yii/framework/web/CWebApplication.php(141): CWebApplication->runController('ipoteka/js/w-ti...')
#3 /home/sergey/public_html/kaskadstroy/yii/framework/base/CApplication.php(180): CWebApplication->processRequest()
#4 /home/sergey/public_html/kaskadstroy/index.php(13): CApplication->run()
#5 {main}
REQUEST_URI=/index.php/ipoteka/js/w-timeline.js
HTTP_REFERER=http://kaskadstroy/index.php/ipoteka/ipoteka
---
2014/09/28 17:31:08 [error] [exception.CHttpException.404] exception 'CHttpException' with message 'Системе не удалось найти запрашиваемое действие "img".' in /home/sergey/public_html/kaskadstroy/yii/framework/web/CController.php:483
Stack trace:
#0 /home/sergey/public_html/kaskadstroy/yii/framework/web/CController.php(270): CController->missingAction('img')
#1 /home/sergey/public_html/kaskadstroy/yii/framework/web/CWebApplication.php(282): CController->run('img')
#2 /home/sergey/public_html/kaskadstroy/yii/framework/web/CWebApplication.php(141): CWebApplication->runController('ipoteka/img/sli...')
#3 /home/sergey/public_html/kaskadstroy/yii/framework/base/CApplication.php(180): CWebApplication->processRequest()
#4 /home/sergey/public_html/kaskadstroy/index.php(13): CApplication->run()
#5 {main}
REQUEST_URI=/index.php/ipoteka/img/slides/slide2_01.png
HTTP_REFERER=http://kaskadstroy/index.php/ipoteka/ipoteka
---
2014/09/28 17:31:08 [error] [exception.CHttpException.404] exception 'CHttpException' with message 'Системе не удалось найти запрашиваемое действие "img".' in /home/sergey/public_html/kaskadstroy/yii/framework/web/CController.php:483
Stack trace:
#0 /home/sergey/public_html/kaskadstroy/yii/framework/web/CController.php(270): CController->missingAction('img')
#1 /home/sergey/public_html/kaskadstroy/yii/framework/web/CWebApplication.php(282): CController->run('img')
#2 /home/sergey/public_html/kaskadstroy/yii/framework/web/CWebApplication.php(141): CWebApplication->runController('ipoteka/img/sli...')
#3 /home/sergey/public_html/kaskadstroy/yii/framework/base/CApplication.php(180): CWebApplication->processRequest()
#4 /home/sergey/public_html/kaskadstroy/index.php(13): CApplication->run()
#5 {main}
REQUEST_URI=/index.php/ipoteka/img/slides/slide4.jpg
HTTP_REFERER=http://kaskadstroy/index.php/ipoteka/ipoteka
---
2014/09/28 17:31:08 [error] [exception.CHttpException.404] exception 'CHttpException' with message 'Системе не удалось найти запрашиваемое действие "img".' in /home/sergey/public_html/kaskadstroy/yii/framework/web/CController.php:483
Stack trace:
#0 /home/sergey/public_html/kaskadstroy/yii/framework/web/CController.php(270): CController->missingAction('img')
#1 /home/sergey/public_html/kaskadstroy/yii/framework/web/CWebApplication.php(282): CController->run('img')
#2 /home/sergey/public_html/kaskadstroy/yii/framework/web/CWebApplication.php(141): CWebApplication->runController('ipoteka/img/sli...')
#3 /home/sergey/public_html/kaskadstroy/yii/framework/base/CApplication.php(180): CWebApplication->processRequest()
#4 /home/sergey/public_html/kaskadstroy/index.php(13): CApplication->run()
#5 {main}
REQUEST_URI=/index.php/ipoteka/img/slides/slide2.jpg
HTTP_REFERER=http://kaskadstroy/index.php/ipoteka/ipoteka
---
2014/09/28 17:31:08 [error] [exception.CHttpException.404] exception 'CHttpException' with message 'Системе не удалось найти запрашиваемое действие "img".' in /home/sergey/public_html/kaskadstroy/yii/framework/web/CController.php:483
Stack trace:
#0 /home/sergey/public_html/kaskadstroy/yii/framework/web/CController.php(270): CController->missingAction('img')
#1 /home/sergey/public_html/kaskadstroy/yii/framework/web/CWebApplication.php(282): CController->run('img')
#2 /home/sergey/public_html/kaskadstroy/yii/framework/web/CWebApplication.php(141): CWebApplication->runController('ipoteka/img/sli...')
#3 /home/sergey/public_html/kaskadstroy/yii/framework/base/CApplication.php(180): CWebApplication->processRequest()
#4 /home/sergey/public_html/kaskadstroy/index.php(13): CApplication->run()
#5 {main}
REQUEST_URI=/index.php/ipoteka/img/slides/slide5.jpg
HTTP_REFERER=http://kaskadstroy/index.php/ipoteka/ipoteka
---
2014/09/28 17:31:08 [error] [exception.CHttpException.404] exception 'CHttpException' with message 'Системе не удалось найти запрашиваемое действие "img".' in /home/sergey/public_html/kaskadstroy/yii/framework/web/CController.php:483
Stack trace:
#0 /home/sergey/public_html/kaskadstroy/yii/framework/web/CController.php(270): CController->missingAction('img')
#1 /home/sergey/public_html/kaskadstroy/yii/framework/web/CWebApplication.php(282): CController->run('img')
#2 /home/sergey/public_html/kaskadstroy/yii/framework/web/CWebApplication.php(141): CWebApplication->runController('ipoteka/img/sli...')
#3 /home/sergey/public_html/kaskadstroy/yii/framework/base/CApplication.php(180): CWebApplication->processRequest()
#4 /home/sergey/public_html/kaskadstroy/index.php(13): CApplication->run()
#5 {main}
REQUEST_URI=/index.php/ipoteka/img/slides/slide2_02.png
HTTP_REFERER=http://kaskadstroy/index.php/ipoteka/ipoteka
---
2014/09/28 17:31:08 [error] [exception.CHttpException.404] exception 'CHttpException' with message 'Системе не удалось найти запрашиваемое действие "img".' in /home/sergey/public_html/kaskadstroy/yii/framework/web/CController.php:483
Stack trace:
#0 /home/sergey/public_html/kaskadstroy/yii/framework/web/CController.php(270): CController->missingAction('img')
#1 /home/sergey/public_html/kaskadstroy/yii/framework/web/CWebApplication.php(282): CController->run('img')
#2 /home/sergey/public_html/kaskadstroy/yii/framework/web/CWebApplication.php(141): CWebApplication->runController('ipoteka/img/sli...')
#3 /home/sergey/public_html/kaskadstroy/yii/framework/base/CApplication.php(180): CWebApplication->processRequest()
#4 /home/sergey/public_html/kaskadstroy/index.php(13): CApplication->run()
#5 {main}
REQUEST_URI=/index.php/ipoteka/img/slides/slide7.jpg
HTTP_REFERER=http://kaskadstroy/index.php/ipoteka/ipoteka
---
2014/09/28 17:31:08 [error] [exception.CHttpException.404] exception 'CHttpException' with message 'Системе не удалось найти запрашиваемое действие "img".' in /home/sergey/public_html/kaskadstroy/yii/framework/web/CController.php:483
Stack trace:
#0 /home/sergey/public_html/kaskadstroy/yii/framework/web/CController.php(270): CController->missingAction('img')
#1 /home/sergey/public_html/kaskadstroy/yii/framework/web/CWebApplication.php(282): CController->run('img')
#2 /home/sergey/public_html/kaskadstroy/yii/framework/web/CWebApplication.php(141): CWebApplication->runController('ipoteka/img/sli...')
#3 /home/sergey/public_html/kaskadstroy/yii/framework/base/CApplication.php(180): CWebApplication->processRequest()
#4 /home/sergey/public_html/kaskadstroy/index.php(13): CApplication->run()
#5 {main}
REQUEST_URI=/index.php/ipoteka/img/slides/slide2_03.png
HTTP_REFERER=http://kaskadstroy/index.php/ipoteka/ipoteka
---
2014/09/28 17:31:26 [error] [exception.CException] exception 'CException' with message 'Путь CAssetManager.basePath "/home/sergey/public_html/kaskadstroy/assets" задан неверно. Удостоверьтесь, что директория существует и доступна для записи пользователю, под которым запущен веб-сервер.' in /home/sergey/public_html/kaskadstroy/yii/framework/web/CAssetManager.php:138
Stack trace:
#0 /home/sergey/public_html/kaskadstroy/yii/framework/web/CAssetManager.php(123): CAssetManager->setBasePath('/home/sergey/pu...')
#1 /home/sergey/public_html/kaskadstroy/yii/framework/web/CAssetManager.php(217): CAssetManager->getBasePath()
#2 /home/sergey/public_html/kaskadstroy/yii/framework/zii/widgets/CListView.php(217): CAssetManager->publish('/home/sergey/pu...')
#3 /home/sergey/public_html/kaskadstroy/yii/framework/web/CBaseController.php(147): CListView->init()
#4 /home/sergey/public_html/kaskadstroy/yii/framework/web/CBaseController.php(172): CBaseController->createWidget('zii.widgets.CLi...', Array)
#5 /home/sergey/public_html/kaskadstroy/protected/views/ipoteka/index.php(20): CBaseController->widget('zii.widgets.CLi...', Array)
#6 /home/sergey/public_html/kaskadstroy/yii/framework/web/CBaseController.php(126): require('/home/sergey/pu...')
#7 /home/sergey/public_html/kaskadstroy/yii/framework/web/CBaseController.php(95): CBaseController->renderInternal('/home/sergey/pu...', Array, true)
#8 /home/sergey/public_html/kaskadstroy/yii/framework/web/CController.php(869): CBaseController->renderFile('/home/sergey/pu...', Array, true)
#9 /home/sergey/public_html/kaskadstroy/yii/framework/web/CController.php(782): CController->renderPartial('index', Array, true)
#10 /home/sergey/public_html/kaskadstroy/protected/controllers/IpotekaController.php(128): CController->render('index', Array)
#11 /home/sergey/public_html/kaskadstroy/yii/framework/web/actions/CInlineAction.php(49): IpotekaController->actionIndex()
#12 /home/sergey/public_html/kaskadstroy/yii/framework/web/CController.php(308): CInlineAction->runWithParams(Array)
#13 /home/sergey/public_html/kaskadstroy/yii/framework/web/filters/CFilterChain.php(133): CController->runAction(Object(CInlineAction))
#14 /home/sergey/public_html/kaskadstroy/yii/framework/web/filters/CFilter.php(40): CFilterChain->run()
#15 /home/sergey/public_html/kaskadstroy/yii/framework/web/CController.php(1145): CFilter->filter(Object(CFilterChain))
#16 /home/sergey/public_html/kaskadstroy/yii/framework/web/filters/CInlineFilter.php(58): CController->filterAccessControl(Object(CFilterChain))
#17 /home/sergey/public_html/kaskadstroy/yii/framework/web/filters/CFilterChain.php(130): CInlineFilter->filter(Object(CFilterChain))
#18 /home/sergey/public_html/kaskadstroy/yii/framework/web/CController.php(291): CFilterChain->run()
#19 /home/sergey/public_html/kaskadstroy/yii/framework/web/CController.php(265): CController->runActionWithFilters(Object(CInlineAction), Array)
#20 /home/sergey/public_html/kaskadstroy/yii/framework/web/CWebApplication.php(282): CController->run('')
#21 /home/sergey/public_html/kaskadstroy/yii/framework/web/CWebApplication.php(141): CWebApplication->runController('ipoteka')
#22 /home/sergey/public_html/kaskadstroy/yii/framework/base/CApplication.php(180): CWebApplication->processRequest()
#23 /home/sergey/public_html/kaskadstroy/index.php(13): CApplication->run()
#24 {main}
REQUEST_URI=/index.php/ipoteka
---
2014/09/28 17:50:43 [error] [exception.CHttpException.404] exception 'CHttpException' with message 'Системе не удалось найти запрашиваемое действие "css".' in /home/sergey/public_html/kaskadstroy/yii/framework/web/CController.php:483
Stack trace:
#0 /home/sergey/public_html/kaskadstroy/yii/framework/web/CController.php(270): CController->missingAction('css')
#1 /home/sergey/public_html/kaskadstroy/yii/framework/web/CWebApplication.php(282): CController->run('css')
#2 /home/sergey/public_html/kaskadstroy/yii/framework/web/CWebApplication.php(141): CWebApplication->runController('site/css/motion...')
#3 /home/sergey/public_html/kaskadstroy/yii/framework/base/CApplication.php(180): CWebApplication->processRequest()
#4 /home/sergey/public_html/kaskadstroy/index.php(13): CApplication->run()
#5 {main}
REQUEST_URI=/index.php/site/css/motioncss.css
HTTP_REFERER=http://kaskadstroy/index.php/site/page?view=about
---
2014/09/28 17:50:43 [error] [exception.CHttpException.404] exception 'CHttpException' with message 'Системе не удалось найти запрашиваемое действие "css".' in /home/sergey/public_html/kaskadstroy/yii/framework/web/CController.php:483
Stack trace:
#0 /home/sergey/public_html/kaskadstroy/yii/framework/web/CController.php(270): CController->missingAction('css')
#1 /home/sergey/public_html/kaskadstroy/yii/framework/web/CWebApplication.php(282): CController->run('css')
#2 /home/sergey/public_html/kaskadstroy/yii/framework/web/CWebApplication.php(141): CWebApplication->runController('site/css/switch...')
#3 /home/sergey/public_html/kaskadstroy/yii/framework/base/CApplication.php(180): CWebApplication->processRequest()
#4 /home/sergey/public_html/kaskadstroy/index.php(13): CApplication->run()
#5 {main}
REQUEST_URI=/index.php/site/css/switcher.css
HTTP_REFERER=http://kaskadstroy/index.php/site/page?view=about
---
2014/09/28 17:50:43 [error] [exception.CHttpException.404] exception 'CHttpException' with message 'Системе не удалось найти запрашиваемое действие "css".' in /home/sergey/public_html/kaskadstroy/yii/framework/web/CController.php:483
Stack trace:
#0 /home/sergey/public_html/kaskadstroy/yii/framework/web/CController.php(270): CController->missingAction('css')
#1 /home/sergey/public_html/kaskadstroy/yii/framework/web/CWebApplication.php(282): CController->run('css')
#2 /home/sergey/public_html/kaskadstroy/yii/framework/web/CWebApplication.php(141): CWebApplication->runController('site/css/icons....')
#3 /home/sergey/public_html/kaskadstroy/yii/framework/base/CApplication.php(180): CWebApplication->processRequest()
#4 /home/sergey/public_html/kaskadstroy/index.php(13): CApplication->run()
#5 {main}
REQUEST_URI=/index.php/site/css/icons.css
HTTP_REFERER=http://kaskadstroy/index.php/site/page?view=about
---
2014/09/28 17:50:43 [error] [exception.CHttpException.404] exception 'CHttpException' with message 'Системе не удалось найти запрашиваемое действие "css".' in /home/sergey/public_html/kaskadstroy/yii/framework/web/CController.php:483
Stack trace:
#0 /home/sergey/public_html/kaskadstroy/yii/framework/web/CController.php(270): CController->missingAction('css')
#1 /home/sergey/public_html/kaskadstroy/yii/framework/web/CWebApplication.php(282): CController->run('css')
#2 /home/sergey/public_html/kaskadstroy/yii/framework/web/CWebApplication.php(141): CWebApplication->runController('site/css/rs-set...')
#3 /home/sergey/public_html/kaskadstroy/yii/framework/base/CApplication.php(180): CWebApplication->processRequest()
#4 /home/sergey/public_html/kaskadstroy/index.php(13): CApplication->run()
#5 {main}
REQUEST_URI=/index.php/site/css/rs-settings.css
HTTP_REFERER=http://kaskadstroy/index.php/site/page?view=about
---
2014/09/28 17:50:43 [error] [exception.CHttpException.404] exception 'CHttpException' with message 'Системе не удалось найти запрашиваемое действие "css".' in /home/sergey/public_html/kaskadstroy/yii/framework/web/CController.php:483
Stack trace:
#0 /home/sergey/public_html/kaskadstroy/yii/framework/web/CController.php(270): CController->missingAction('css')
#1 /home/sergey/public_html/kaskadstroy/yii/framework/web/CWebApplication.php(282): CController->run('css')
#2 /home/sergey/public_html/kaskadstroy/yii/framework/web/CWebApplication.php(141): CWebApplication->runController('site/css/motion...')
#3 /home/sergey/public_html/kaskadstroy/yii/framework/base/CApplication.php(180): CWebApplication->processRequest()
#4 /home/sergey/public_html/kaskadstroy/index.php(13): CApplication->run()
#5 {main}
REQUEST_URI=/index.php/site/css/motioncss-widgets.css
HTTP_REFERER=http://kaskadstroy/index.php/site/page?view=about
---
2014/09/28 17:50:43 [error] [exception.CHttpException.404] exception 'CHttpException' with message 'Системе не удалось найти запрашиваемое действие "css".' in /home/sergey/public_html/kaskadstroy/yii/framework/web/CController.php:483
Stack trace:
#0 /home/sergey/public_html/kaskadstroy/yii/framework/web/CController.php(270): CController->missingAction('css')
#1 /home/sergey/public_html/kaskadstroy/yii/framework/web/CWebApplication.php(282): CController->run('css')
#2 /home/sergey/public_html/kaskadstroy/yii/framework/web/CWebApplication.php(141): CWebApplication->runController('site/css/font-a...')
#3 /home/sergey/public_html/kaskadstroy/yii/framework/base/CApplication.php(180): CWebApplication->processRequest()
#4 /home/sergey/public_html/kaskadstroy/index.php(13): CApplication->run()
#5 {main}
REQUEST_URI=/index.php/site/css/font-awesome.css
HTTP_REFERER=http://kaskadstroy/index.php/site/page?view=about
---
2014/09/28 17:50:43 [error] [exception.CHttpException.404] exception 'CHttpException' with message 'Системе не удалось найти запрашиваемое действие "css".' in /home/sergey/public_html/kaskadstroy/yii/framework/web/CController.php:483
Stack trace:
#0 /home/sergey/public_html/kaskadstroy/yii/framework/web/CController.php(270): CController->missingAction('css')
#1 /home/sergey/public_html/kaskadstroy/yii/framework/web/CWebApplication.php(282): CController->run('css')
#2 /home/sergey/public_html/kaskadstroy/yii/framework/web/CWebApplication.php(141): CWebApplication->runController('site/css/style....')
#3 /home/sergey/public_html/kaskadstroy/yii/framework/base/CApplication.php(180): CWebApplication->processRequest()
#4 /home/sergey/public_html/kaskadstroy/index.php(13): CApplication->run()
#5 {main}
REQUEST_URI=/index.php/site/css/style.css
HTTP_REFERER=http://kaskadstroy/index.php/site/page?view=about
---
2014/09/28 17:50:43 [error] [exception.CHttpException.404] exception 'CHttpException' with message 'Системе не удалось найти запрашиваемое действие "css".' in /home/sergey/public_html/kaskadstroy/yii/framework/web/CController.php:483
Stack trace:
#0 /home/sergey/public_html/kaskadstroy/yii/framework/web/CController.php(270): CController->missingAction('css')
#1 /home/sergey/public_html/kaskadstroy/yii/framework/web/CWebApplication.php(282): CController->run('css')
#2 /home/sergey/public_html/kaskadstroy/yii/framework/web/CWebApplication.php(141): CWebApplication->runController('site/css/magnif...')
#3 /home/sergey/public_html/kaskadstroy/yii/framework/base/CApplication.php(180): CWebApplication->processRequest()
#4 /home/sergey/public_html/kaskadstroy/index.php(13): CApplication->run()
#5 {main}
REQUEST_URI=/index.php/site/css/magnific-popup.css
HTTP_REFERER=http://kaskadstroy/index.php/site/page?view=about
---
2014/09/28 17:50:43 [error] [exception.CHttpException.404] exception 'CHttpException' with message 'Системе не удалось найти запрашиваемое действие "css".' in /home/sergey/public_html/kaskadstroy/yii/framework/web/CController.php:483
Stack trace:
#0 /home/sergey/public_html/kaskadstroy/yii/framework/web/CController.php(270): CController->missingAction('css')
#1 /home/sergey/public_html/kaskadstroy/yii/framework/web/CWebApplication.php(282): CController->run('css')
#2 /home/sergey/public_html/kaskadstroy/yii/framework/web/CWebApplication.php(141): CWebApplication->runController('site/css/respon...')
#3 /home/sergey/public_html/kaskadstroy/yii/framework/base/CApplication.php(180): CWebApplication->processRequest()
#4 /home/sergey/public_html/kaskadstroy/index.php(13): CApplication->run()
#5 {main}
REQUEST_URI=/index.php/site/css/responsive.css
HTTP_REFERER=http://kaskadstroy/index.php/site/page?view=about
---
2014/09/28 17:50:43 [error] [exception.CHttpException.404] exception 'CHttpException' with message 'Системе не удалось найти запрашиваемое действие "css".' in /home/sergey/public_html/kaskadstroy/yii/framework/web/CController.php:483
Stack trace:
#0 /home/sergey/public_html/kaskadstroy/yii/framework/web/CController.php(270): CController->missingAction('css')
#1 /home/sergey/public_html/kaskadstroy/yii/framework/web/CWebApplication.php(282): CController->run('css')
#2 /home/sergey/public_html/kaskadstroy/yii/framework/web/CWebApplication.php(141): CWebApplication->runController('site/css/animat...')
#3 /home/sergey/public_html/kaskadstroy/yii/framework/base/CApplication.php(180): CWebApplication->processRequest()
#4 /home/sergey/public_html/kaskadstroy/index.php(13): CApplication->run()
#5 {main}
REQUEST_URI=/index.php/site/css/animation.css
HTTP_REFERER=http://kaskadstroy/index.php/site/page?view=about
---
2014/09/28 17:50:43 [error] [exception.CHttpException.404] exception 'CHttpException' with message 'Системе не удалось найти запрашиваемое действие "js".' in /home/sergey/public_html/kaskadstroy/yii/framework/web/CController.php:483
Stack trace:
#0 /home/sergey/public_html/kaskadstroy/yii/framework/web/CController.php(270): CController->missingAction('js')
#1 /home/sergey/public_html/kaskadstroy/yii/framework/web/CWebApplication.php(282): CController->run('js')
#2 /home/sergey/public_html/kaskadstroy/yii/framework/web/CWebApplication.php(141): CWebApplication->runController('site/js/jquery....')
#3 /home/sergey/public_html/kaskadstroy/yii/framework/base/CApplication.php(180): CWebApplication->processRequest()
#4 /home/sergey/public_html/kaskadstroy/index.php(13): CApplication->run()
#5 {main}
REQUEST_URI=/index.php/site/js/jquery.isotope.js
HTTP_REFERER=http://kaskadstroy/index.php/site/page?view=about
---
2014/09/28 17:50:43 [error] [exception.CHttpException.404] exception 'CHttpException' with message 'Системе не удалось найти запрашиваемое действие "js".' in /home/sergey/public_html/kaskadstroy/yii/framework/web/CController.php:483
Stack trace:
#0 /home/sergey/public_html/kaskadstroy/yii/framework/web/CController.php(270): CController->missingAction('js')
#1 /home/sergey/public_html/kaskadstroy/yii/framework/web/CWebApplication.php(282): CController->run('js')
#2 /home/sergey/public_html/kaskadstroy/yii/framework/web/CWebApplication.php(141): CWebApplication->runController('site/js/g-alert...')
#3 /home/sergey/public_html/kaskadstroy/yii/framework/base/CApplication.php(180): CWebApplication->processRequest()
#4 /home/sergey/public_html/kaskadstroy/index.php(13): CApplication->run()
#5 {main}
REQUEST_URI=/index.php/site/js/g-alert.js
HTTP_REFERER=http://kaskadstroy/index.php/site/page?view=about
---
2014/09/28 17:50:43 [error] [exception.CHttpException.404] exception 'CHttpException' with message 'Системе не удалось найти запрашиваемое действие "js".' in /home/sergey/public_html/kaskadstroy/yii/framework/web/CController.php:483
Stack trace:
#0 /home/sergey/public_html/kaskadstroy/yii/framework/web/CController.php(270): CController->missingAction('js')
#1 /home/sergey/public_html/kaskadstroy/yii/framework/web/CWebApplication.php(282): CController->run('js')
#2 /home/sergey/public_html/kaskadstroy/yii/framework/web/CWebApplication.php(141): CWebApplication->runController('site/js/jquery-...')
#3 /home/sergey/public_html/kaskadstroy/yii/framework/base/CApplication.php(180): CWebApplication->processRequest()
#4 /home/sergey/public_html/kaskadstroy/index.php(13): CApplication->run()
#5 {main}
REQUEST_URI=/index.php/site/js/jquery-1.9.1.js
HTTP_REFERER=http://kaskadstroy/index.php/site/page?view=about
---
2014/09/28 17:50:43 [error] [exception.CHttpException.404] exception 'CHttpException' with message 'Системе не удалось найти запрашиваемое действие "js".' in /home/sergey/public_html/kaskadstroy/yii/framework/web/CController.php:483
Stack trace:
#0 /home/sergey/public_html/kaskadstroy/yii/framework/web/CController.php(270): CController->missingAction('js')
#1 /home/sergey/public_html/kaskadstroy/yii/framework/web/CWebApplication.php(282): CController->run('js')
#2 /home/sergey/public_html/kaskadstroy/yii/framework/web/CWebApplication.php(141): CWebApplication->runController('site/js/jquery....')
#3 /home/sergey/public_html/kaskadstroy/yii/framework/base/CApplication.php(180): CWebApplication->processRequest()
#4 /home/sergey/public_html/kaskadstroy/index.php(13): CApplication->run()
#5 {main}
REQUEST_URI=/index.php/site/js/jquery.carousello.js
HTTP_REFERER=http://kaskadstroy/index.php/site/page?view=about
---
2014/09/28 17:50:44 [error] [exception.CHttpException.404] exception 'CHttpException' with message 'Системе не удалось найти запрашиваемое действие "js".' in /home/sergey/public_html/kaskadstroy/yii/framework/web/CController.php:483
Stack trace:
#0 /home/sergey/public_html/kaskadstroy/yii/framework/web/CController.php(270): CController->missingAction('js')
#1 /home/sergey/public_html/kaskadstroy/yii/framework/web/CWebApplication.php(282): CController->run('js')
#2 /home/sergey/public_html/kaskadstroy/yii/framework/web/CWebApplication.php(141): CWebApplication->runController('site/js/jquery....')
#3 /home/sergey/public_html/kaskadstroy/yii/framework/base/CApplication.php(180): CWebApplication->processRequest()
#4 /home/sergey/public_html/kaskadstroy/index.php(13): CApplication->run()
#5 {main}
REQUEST_URI=/index.php/site/js/jquery.magnific-popup.js
HTTP_REFERER=http://kaskadstroy/index.php/site/page?view=about
---
2014/09/28 17:50:44 [error] [exception.CHttpException.404] exception 'CHttpException' with message 'Системе не удалось найти запрашиваемое действие "js".' in /home/sergey/public_html/kaskadstroy/yii/framework/web/CController.php:483
Stack trace:
#0 /home/sergey/public_html/kaskadstroy/yii/framework/web/CController.php(270): CController->missingAction('js')
#1 /home/sergey/public_html/kaskadstroy/yii/framework/web/CWebApplication.php(282): CController->run('js')
#2 /home/sergey/public_html/kaskadstroy/yii/framework/web/CWebApplication.php(141): CWebApplication->runController('site/js/jquery....')
#3 /home/sergey/public_html/kaskadstroy/yii/framework/base/CApplication.php(180): CWebApplication->processRequest()
#4 /home/sergey/public_html/kaskadstroy/index.php(13): CApplication->run()
#5 {main}
REQUEST_URI=/index.php/site/js/jquery.simpleplaceholder.js
HTTP_REFERER=http://kaskadstroy/index.php/site/page?view=about
---
2014/09/28 17:50:44 [error] [exception.CHttpException.404] exception 'CHttpException' with message 'Системе не удалось найти запрашиваемое действие "js".' in /home/sergey/public_html/kaskadstroy/yii/framework/web/CController.php:483
Stack trace:
#0 /home/sergey/public_html/kaskadstroy/yii/framework/web/CController.php(270): CController->missingAction('js')
#1 /home/sergey/public_html/kaskadstroy/yii/framework/web/CWebApplication.php(282): CController->run('js')
#2 /home/sergey/public_html/kaskadstroy/yii/framework/web/CWebApplication.php(141): CWebApplication->runController('site/js/plugins...')
#3 /home/sergey/public_html/kaskadstroy/yii/framework/base/CApplication.php(180): CWebApplication->processRequest()
#4 /home/sergey/public_html/kaskadstroy/index.php(13): CApplication->run()
#5 {main}
REQUEST_URI=/index.php/site/js/plugins.js
HTTP_REFERER=http://kaskadstroy/index.php/site/page?view=about
---
2014/09/28 17:50:44 [error] [exception.CHttpException.404] exception 'CHttpException' with message 'Системе не удалось найти запрашиваемое действие "js".' in /home/sergey/public_html/kaskadstroy/yii/framework/web/CController.php:483
Stack trace:
#0 /home/sergey/public_html/kaskadstroy/yii/framework/web/CController.php(270): CController->missingAction('js')
#1 /home/sergey/public_html/kaskadstroy/yii/framework/web/CWebApplication.php(282): CController->run('js')
#2 /home/sergey/public_html/kaskadstroy/yii/framework/web/CWebApplication.php(141): CWebApplication->runController('site/js/w-searc...')
#3 /home/sergey/public_html/kaskadstroy/yii/framework/base/CApplication.php(180): CWebApplication->processRequest()
#4 /home/sergey/public_html/kaskadstroy/index.php(13): CApplication->run()
#5 {main}
REQUEST_URI=/index.php/site/js/w-search.js
HTTP_REFERER=http://kaskadstroy/index.php/site/page?view=about
---
2014/09/28 17:50:44 [error] [exception.CHttpException.404] exception 'CHttpException' with message 'Системе не удалось найти запрашиваемое действие "js".' in /home/sergey/public_html/kaskadstroy/yii/framework/web/CController.php:483
Stack trace:
#0 /home/sergey/public_html/kaskadstroy/yii/framework/web/CController.php(270): CController->missingAction('js')
#1 /home/sergey/public_html/kaskadstroy/yii/framework/web/CWebApplication.php(282): CController->run('js')
#2 /home/sergey/public_html/kaskadstroy/yii/framework/web/CWebApplication.php(141): CWebApplication->runController('site/js/jquery....')
#3 /home/sergey/public_html/kaskadstroy/yii/framework/base/CApplication.php(180): CWebApplication->processRequest()
#4 /home/sergey/public_html/kaskadstroy/index.php(13): CApplication->run()
#5 {main}
REQUEST_URI=/index.php/site/js/jquery.themepunch.plugins.min.js
HTTP_REFERER=http://kaskadstroy/index.php/site/page?view=about
---
2014/09/28 17:50:44 [error] [exception.CHttpException.404] exception 'CHttpException' with message 'Системе не удалось найти запрашиваемое действие "js".' in /home/sergey/public_html/kaskadstroy/yii/framework/web/CController.php:483
Stack trace:
#0 /home/sergey/public_html/kaskadstroy/yii/framework/web/CController.php(270): CController->missingAction('js')
#1 /home/sergey/public_html/kaskadstroy/yii/framework/web/CWebApplication.php(282): CController->run('js')
#2 /home/sergey/public_html/kaskadstroy/yii/framework/web/CWebApplication.php(141): CWebApplication->runController('site/js/navToSe...')
#3 /home/sergey/public_html/kaskadstroy/yii/framework/base/CApplication.php(180): CWebApplication->processRequest()
#4 /home/sergey/public_html/kaskadstroy/index.php(13): CApplication->run()
#5 {main}
REQUEST_URI=/index.php/site/js/navToSelect.js
HTTP_REFERER=http://kaskadstroy/index.php/site/page?view=about
---
2014/09/28 17:50:44 [error] [exception.CHttpException.404] exception 'CHttpException' with message 'Системе не удалось найти запрашиваемое действие "js".' in /home/sergey/public_html/kaskadstroy/yii/framework/web/CController.php:483
Stack trace:
#0 /home/sergey/public_html/kaskadstroy/yii/framework/web/CController.php(270): CController->missingAction('js')
#1 /home/sergey/public_html/kaskadstroy/yii/framework/web/CWebApplication.php(282): CController->run('js')
#2 /home/sergey/public_html/kaskadstroy/yii/framework/web/CWebApplication.php(141): CWebApplication->runController('site/js/w-switc...')
#3 /home/sergey/public_html/kaskadstroy/yii/framework/base/CApplication.php(180): CWebApplication->processRequest()
#4 /home/sergey/public_html/kaskadstroy/index.php(13): CApplication->run()
#5 {main}
REQUEST_URI=/index.php/site/js/w-switcher.js
HTTP_REFERER=http://kaskadstroy/index.php/site/page?view=about
---
2014/09/28 17:50:44 [error] [exception.CHttpException.404] exception 'CHttpException' with message 'Системе не удалось найти запрашиваемое действие "js".' in /home/sergey/public_html/kaskadstroy/yii/framework/web/CController.php:483
Stack trace:
#0 /home/sergey/public_html/kaskadstroy/yii/framework/web/CController.php(270): CController->missingAction('js')
#1 /home/sergey/public_html/kaskadstroy/yii/framework/web/CWebApplication.php(282): CController->run('js')
#2 /home/sergey/public_html/kaskadstroy/yii/framework/web/CWebApplication.php(141): CWebApplication->runController('site/js/jquery....')
#3 /home/sergey/public_html/kaskadstroy/yii/framework/base/CApplication.php(180): CWebApplication->processRequest()
#4 /home/sergey/public_html/kaskadstroy/index.php(13): CApplication->run()
#5 {main}
REQUEST_URI=/index.php/site/js/jquery.themepunch.revolution.min.js
HTTP_REFERER=http://kaskadstroy/index.php/site/page?view=about
---
2014/09/28 17:50:44 [error] [exception.CHttpException.404] exception 'CHttpException' with message 'Системе не удалось найти запрашиваемое действие "js".' in /home/sergey/public_html/kaskadstroy/yii/framework/web/CController.php:483
Stack trace:
#0 /home/sergey/public_html/kaskadstroy/yii/framework/web/CController.php(270): CController->missingAction('js')
#1 /home/sergey/public_html/kaskadstroy/yii/framework/web/CWebApplication.php(282): CController->run('js')
#2 /home/sergey/public_html/kaskadstroy/yii/framework/web/CWebApplication.php(141): CWebApplication->runController('site/js/waypoin...')
#3 /home/sergey/public_html/kaskadstroy/yii/framework/base/CApplication.php(180): CWebApplication->processRequest()
#4 /home/sergey/public_html/kaskadstroy/index.php(13): CApplication->run()
#5 {main}
REQUEST_URI=/index.php/site/js/waypoints.min.js
HTTP_REFERER=http://kaskadstroy/index.php/site/page?view=about
---
2014/09/28 17:50:44 [error] [exception.CHttpException.404] exception 'CHttpException' with message 'Системе не удалось найти запрашиваемое действие "js".' in /home/sergey/public_html/kaskadstroy/yii/framework/web/CController.php:483
Stack trace:
#0 /home/sergey/public_html/kaskadstroy/yii/framework/web/CController.php(270): CController->missingAction('js')
#1 /home/sergey/public_html/kaskadstroy/yii/framework/web/CWebApplication.php(282): CController->run('js')
#2 /home/sergey/public_html/kaskadstroy/yii/framework/web/CWebApplication.php(141): CWebApplication->runController('site/js/jquery....')
#3 /home/sergey/public_html/kaskadstroy/yii/framework/base/CApplication.php(180): CWebApplication->processRequest()
#4 /home/sergey/public_html/kaskadstroy/index.php(13): CApplication->run()
#5 {main}
REQUEST_URI=/index.php/site/js/jquery.tweet.js
HTTP_REFERER=http://kaskadstroy/index.php/site/page?view=about
---
2014/09/28 17:50:44 [error] [exception.CHttpException.404] exception 'CHttpException' with message 'Системе не удалось найти запрашиваемое действие "js".' in /home/sergey/public_html/kaskadstroy/yii/framework/web/CController.php:483
Stack trace:
#0 /home/sergey/public_html/kaskadstroy/yii/framework/web/CController.php(270): CController->missingAction('js')
#1 /home/sergey/public_html/kaskadstroy/yii/framework/web/CWebApplication.php(282): CController->run('js')
#2 /home/sergey/public_html/kaskadstroy/yii/framework/web/CWebApplication.php(141): CWebApplication->runController('site/js/w-lang....')
#3 /home/sergey/public_html/kaskadstroy/yii/framework/base/CApplication.php(180): CWebApplication->processRequest()
#4 /home/sergey/public_html/kaskadstroy/index.php(13): CApplication->run()
#5 {main}
REQUEST_URI=/index.php/site/js/w-lang.js
HTTP_REFERER=http://kaskadstroy/index.php/site/page?view=about
---
2014/09/28 17:50:44 [error] [exception.CHttpException.404] exception 'CHttpException' with message 'Системе не удалось найти запрашиваемое действие "js".' in /home/sergey/public_html/kaskadstroy/yii/framework/web/CController.php:483
Stack trace:
#0 /home/sergey/public_html/kaskadstroy/yii/framework/web/CController.php(270): CController->missingAction('js')
#1 /home/sergey/public_html/kaskadstroy/yii/framework/web/CWebApplication.php(282): CController->run('js')
#2 /home/sergey/public_html/kaskadstroy/yii/framework/web/CWebApplication.php(141): CWebApplication->runController('site/js/w-tabs....')
#3 /home/sergey/public_html/kaskadstroy/yii/framework/base/CApplication.php(180): CWebApplication->processRequest()
#4 /home/sergey/public_html/kaskadstroy/index.php(13): CApplication->run()
#5 {main}
REQUEST_URI=/index.php/site/js/w-tabs.js
HTTP_REFERER=http://kaskadstroy/index.php/site/page?view=about
---
2014/09/28 17:50:44 [error] [exception.CHttpException.404] exception 'CHttpException' with message 'Системе не удалось найти запрашиваемое действие "js".' in /home/sergey/public_html/kaskadstroy/yii/framework/web/CController.php:483
Stack trace:
#0 /home/sergey/public_html/kaskadstroy/yii/framework/web/CController.php(270): CController->missingAction('js')
#1 /home/sergey/public_html/kaskadstroy/yii/framework/web/CWebApplication.php(282): CController->run('js')
#2 /home/sergey/public_html/kaskadstroy/yii/framework/web/CWebApplication.php(141): CWebApplication->runController('site/js/w-timel...')
#3 /home/sergey/public_html/kaskadstroy/yii/framework/base/CApplication.php(180): CWebApplication->processRequest()
#4 /home/sergey/public_html/kaskadstroy/index.php(13): CApplication->run()
#5 {main}
REQUEST_URI=/index.php/site/js/w-timeline.js
HTTP_REFERER=http://kaskadstroy/index.php/site/page?view=about
---
2014/09/28 17:50:44 [error] [exception.CHttpException.404] exception 'CHttpException' with message 'Системе не удалось найти запрашиваемое действие "js".' in /home/sergey/public_html/kaskadstroy/yii/framework/web/CController.php:483
Stack trace:
#0 /home/sergey/public_html/kaskadstroy/yii/framework/web/CController.php(270): CController->missingAction('js')
#1 /home/sergey/public_html/kaskadstroy/yii/framework/web/CWebApplication.php(282): CController->run('js')
#2 /home/sergey/public_html/kaskadstroy/yii/framework/web/CWebApplication.php(141): CWebApplication->runController('site/js/g-alert...')
#3 /home/sergey/public_html/kaskadstroy/yii/framework/base/CApplication.php(180): CWebApplication->processRequest()
#4 /home/sergey/public_html/kaskadstroy/index.php(13): CApplication->run()
#5 {main}
REQUEST_URI=/index.php/site/js/g-alert.js
HTTP_REFERER=http://kaskadstroy/index.php/site/page?view=about
---
2014/09/28 17:50:44 [error] [exception.CHttpException.404] exception 'CHttpException' with message 'Системе не удалось найти запрашиваемое действие "img".' in /home/sergey/public_html/kaskadstroy/yii/framework/web/CController.php:483
Stack trace:
#0 /home/sergey/public_html/kaskadstroy/yii/framework/web/CController.php(270): CController->missingAction('img')
#1 /home/sergey/public_html/kaskadstroy/yii/framework/web/CWebApplication.php(282): CController->run('img')
#2 /home/sergey/public_html/kaskadstroy/yii/framework/web/CWebApplication.php(141): CWebApplication->runController('site/img/placeh...')
#3 /home/sergey/public_html/kaskadstroy/yii/framework/base/CApplication.php(180): CWebApplication->processRequest()
#4 /home/sergey/public_html/kaskadstroy/index.php(13): CApplication->run()
#5 {main}
REQUEST_URI=/index.php/site/img/placeholder/540x320.gif
HTTP_REFERER=http://kaskadstroy/index.php/site/page?view=about
---
2014/09/28 17:50:44 [error] [exception.CHttpException.404] exception 'CHttpException' with message 'Системе не удалось найти запрашиваемое действие "img".' in /home/sergey/public_html/kaskadstroy/yii/framework/web/CController.php:483
Stack trace:
#0 /home/sergey/public_html/kaskadstroy/yii/framework/web/CController.php(270): CController->missingAction('img')
#1 /home/sergey/public_html/kaskadstroy/yii/framework/web/CWebApplication.php(282): CController->run('img')
#2 /home/sergey/public_html/kaskadstroy/yii/framework/web/CWebApplication.php(141): CWebApplication->runController('site/img/placeh...')
#3 /home/sergey/public_html/kaskadstroy/yii/framework/base/CApplication.php(180): CWebApplication->processRequest()
#4 /home/sergey/public_html/kaskadstroy/index.php(13): CApplication->run()
#5 {main}
REQUEST_URI=/index.php/site/img/placeholder/540x360.gif
HTTP_REFERER=http://kaskadstroy/index.php/site/page?view=about
---
2014/09/28 17:50:44 [error] [exception.CHttpException.404] exception 'CHttpException' with message 'Системе не удалось найти запрашиваемое действие "img".' in /home/sergey/public_html/kaskadstroy/yii/framework/web/CController.php:483
Stack trace:
#0 /home/sergey/public_html/kaskadstroy/yii/framework/web/CController.php(270): CController->missingAction('img')
#1 /home/sergey/public_html/kaskadstroy/yii/framework/web/CWebApplication.php(282): CController->run('img')
#2 /home/sergey/public_html/kaskadstroy/yii/framework/web/CWebApplication.php(141): CWebApplication->runController('site/img/placeh...')
#3 /home/sergey/public_html/kaskadstroy/yii/framework/base/CApplication.php(180): CWebApplication->processRequest()
#4 /home/sergey/public_html/kaskadstroy/index.php(13): CApplication->run()
#5 {main}
REQUEST_URI=/index.php/site/img/placeholder/500x500.gif
HTTP_REFERER=http://kaskadstroy/index.php/site/page?view=about
---
2014/09/28 17:50:44 [error] [exception.CHttpException.404] exception 'CHttpException' with message 'Системе не удалось найти запрашиваемое действие "js".' in /home/sergey/public_html/kaskadstroy/yii/framework/web/CController.php:483
Stack trace:
#0 /home/sergey/public_html/kaskadstroy/yii/framework/web/CController.php(270): CController->missingAction('js')
#1 /home/sergey/public_html/kaskadstroy/yii/framework/web/CWebApplication.php(282): CController->run('js')
#2 /home/sergey/public_html/kaskadstroy/yii/framework/web/CWebApplication.php(141): CWebApplication->runController('site/js/jquery....')
#3 /home/sergey/public_html/kaskadstroy/yii/framework/base/CApplication.php(180): CWebApplication->processRequest()
#4 /home/sergey/public_html/kaskadstroy/index.php(13): CApplication->run()
#5 {main}
REQUEST_URI=/index.php/site/js/jquery.carousello.js
HTTP_REFERER=http://kaskadstroy/index.php/site/page?view=about
---
2014/09/28 17:50:44 [error] [exception.CHttpException.404] exception 'CHttpException' with message 'Системе не удалось найти запрашиваемое действие "js".' in /home/sergey/public_html/kaskadstroy/yii/framework/web/CController.php:483
Stack trace:
#0 /home/sergey/public_html/kaskadstroy/yii/framework/web/CController.php(270): CController->missingAction('js')
#1 /home/sergey/public_html/kaskadstroy/yii/framework/web/CWebApplication.php(282): CController->run('js')
#2 /home/sergey/public_html/kaskadstroy/yii/framework/web/CWebApplication.php(141): CWebApplication->runController('site/js/jquery....')
#3 /home/sergey/public_html/kaskadstroy/yii/framework/base/CApplication.php(180): CWebApplication->processRequest()
#4 /home/sergey/public_html/kaskadstroy/index.php(13): CApplication->run()
#5 {main}
REQUEST_URI=/index.php/site/js/jquery.isotope.js
HTTP_REFERER=http://kaskadstroy/index.php/site/page?view=about
---
2014/09/28 17:50:44 [error] [exception.CHttpException.404] exception 'CHttpException' with message 'Системе не удалось найти запрашиваемое действие "js".' in /home/sergey/public_html/kaskadstroy/yii/framework/web/CController.php:483
Stack trace:
#0 /home/sergey/public_html/kaskadstroy/yii/framework/web/CController.php(270): CController->missingAction('js')
#1 /home/sergey/public_html/kaskadstroy/yii/framework/web/CWebApplication.php(282): CController->run('js')
#2 /home/sergey/public_html/kaskadstroy/yii/framework/web/CWebApplication.php(141): CWebApplication->runController('site/js/jquery....')
#3 /home/sergey/public_html/kaskadstroy/yii/framework/base/CApplication.php(180): CWebApplication->processRequest()
#4 /home/sergey/public_html/kaskadstroy/index.php(13): CApplication->run()
#5 {main}
REQUEST_URI=/index.php/site/js/jquery.magnific-popup.js
HTTP_REFERER=http://kaskadstroy/index.php/site/page?view=about
---
2014/09/28 17:50:44 [error] [exception.CHttpException.404] exception 'CHttpException' with message 'Системе не удалось найти запрашиваемое действие "js".' in /home/sergey/public_html/kaskadstroy/yii/framework/web/CController.php:483
Stack trace:
#0 /home/sergey/public_html/kaskadstroy/yii/framework/web/CController.php(270): CController->missingAction('js')
#1 /home/sergey/public_html/kaskadstroy/yii/framework/web/CWebApplication.php(282): CController->run('js')
#2 /home/sergey/public_html/kaskadstroy/yii/framework/web/CWebApplication.php(141): CWebApplication->runController('site/js/jquery....')
#3 /home/sergey/public_html/kaskadstroy/yii/framework/base/CApplication.php(180): CWebApplication->processRequest()
#4 /home/sergey/public_html/kaskadstroy/index.php(13): CApplication->run()
#5 {main}
REQUEST_URI=/index.php/site/js/jquery.simpleplaceholder.js
HTTP_REFERER=http://kaskadstroy/index.php/site/page?view=about
---
2014/09/28 17:50:44 [error] [exception.CHttpException.404] exception 'CHttpException' with message 'Системе не удалось найти запрашиваемое действие "js".' in /home/sergey/public_html/kaskadstroy/yii/framework/web/CController.php:483
Stack trace:
#0 /home/sergey/public_html/kaskadstroy/yii/framework/web/CController.php(270): CController->missingAction('js')
#1 /home/sergey/public_html/kaskadstroy/yii/framework/web/CWebApplication.php(282): CController->run('js')
#2 /home/sergey/public_html/kaskadstroy/yii/framework/web/CWebApplication.php(141): CWebApplication->runController('site/js/w-searc...')
#3 /home/sergey/public_html/kaskadstroy/yii/framework/base/CApplication.php(180): CWebApplication->processRequest()
#4 /home/sergey/public_html/kaskadstroy/index.php(13): CApplication->run()
#5 {main}
REQUEST_URI=/index.php/site/js/w-search.js
HTTP_REFERER=http://kaskadstroy/index.php/site/page?view=about
---
2014/09/28 17:50:44 [error] [exception.CHttpException.404] exception 'CHttpException' with message 'Системе не удалось найти запрашиваемое действие "js".' in /home/sergey/public_html/kaskadstroy/yii/framework/web/CController.php:483
Stack trace:
#0 /home/sergey/public_html/kaskadstroy/yii/framework/web/CController.php(270): CController->missingAction('js')
#1 /home/sergey/public_html/kaskadstroy/yii/framework/web/CWebApplication.php(282): CController->run('js')
#2 /home/sergey/public_html/kaskadstroy/yii/framework/web/CWebApplication.php(141): CWebApplication->runController('site/js/w-switc...')
#3 /home/sergey/public_html/kaskadstroy/yii/framework/base/CApplication.php(180): CWebApplication->processRequest()
#4 /home/sergey/public_html/kaskadstroy/index.php(13): CApplication->run()
#5 {main}
REQUEST_URI=/index.php/site/js/w-switcher.js
HTTP_REFERER=http://kaskadstroy/index.php/site/page?view=about
---
2014/09/28 17:50:44 [error] [exception.CHttpException.404] exception 'CHttpException' with message 'Системе не удалось найти запрашиваемое действие "js".' in /home/sergey/public_html/kaskadstroy/yii/framework/web/CController.php:483
Stack trace:
#0 /home/sergey/public_html/kaskadstroy/yii/framework/web/CController.php(270): CController->missingAction('js')
#1 /home/sergey/public_html/kaskadstroy/yii/framework/web/CWebApplication.php(282): CController->run('js')
#2 /home/sergey/public_html/kaskadstroy/yii/framework/web/CWebApplication.php(141): CWebApplication->runController('site/js/plugins...')
#3 /home/sergey/public_html/kaskadstroy/yii/framework/base/CApplication.php(180): CWebApplication->processRequest()
#4 /home/sergey/public_html/kaskadstroy/index.php(13): CApplication->run()
#5 {main}
REQUEST_URI=/index.php/site/js/plugins.js
HTTP_REFERER=http://kaskadstroy/index.php/site/page?view=about
---
2014/09/28 17:50:44 [error] [exception.CHttpException.404] exception 'CHttpException' with message 'Системе не удалось найти запрашиваемое действие "js".' in /home/sergey/public_html/kaskadstroy/yii/framework/web/CController.php:483
Stack trace:
#0 /home/sergey/public_html/kaskadstroy/yii/framework/web/CController.php(270): CController->missingAction('js')
#1 /home/sergey/public_html/kaskadstroy/yii/framework/web/CWebApplication.php(282): CController->run('js')
#2 /home/sergey/public_html/kaskadstroy/yii/framework/web/CWebApplication.php(141): CWebApplication->runController('site/js/jquery....')
#3 /home/sergey/public_html/kaskadstroy/yii/framework/base/CApplication.php(180): CWebApplication->processRequest()
#4 /home/sergey/public_html/kaskadstroy/index.php(13): CApplication->run()
#5 {main}
REQUEST_URI=/index.php/site/js/jquery.themepunch.plugins.min.js
HTTP_REFERER=http://kaskadstroy/index.php/site/page?view=about
---
2014/09/28 17:50:44 [error] [exception.CHttpException.404] exception 'CHttpException' with message 'Системе не удалось найти запрашиваемое действие "js".' in /home/sergey/public_html/kaskadstroy/yii/framework/web/CController.php:483
Stack trace:
#0 /home/sergey/public_html/kaskadstroy/yii/framework/web/CController.php(270): CController->missingAction('js')
#1 /home/sergey/public_html/kaskadstroy/yii/framework/web/CWebApplication.php(282): CController->run('js')
#2 /home/sergey/public_html/kaskadstroy/yii/framework/web/CWebApplication.php(141): CWebApplication->runController('site/js/jquery....')
#3 /home/sergey/public_html/kaskadstroy/yii/framework/base/CApplication.php(180): CWebApplication->processRequest()
#4 /home/sergey/public_html/kaskadstroy/index.php(13): CApplication->run()
#5 {main}
REQUEST_URI=/index.php/site/js/jquery.themepunch.revolution.min.js
HTTP_REFERER=http://kaskadstroy/index.php/site/page?view=about
---
2014/09/28 17:50:44 [error] [exception.CHttpException.404] exception 'CHttpException' with message 'Системе не удалось найти запрашиваемое действие "js".' in /home/sergey/public_html/kaskadstroy/yii/framework/web/CController.php:483
Stack trace:
#0 /home/sergey/public_html/kaskadstroy/yii/framework/web/CController.php(270): CController->missingAction('js')
#1 /home/sergey/public_html/kaskadstroy/yii/framework/web/CWebApplication.php(282): CController->run('js')
#2 /home/sergey/public_html/kaskadstroy/yii/framework/web/CWebApplication.php(141): CWebApplication->runController('site/js/navToSe...')
#3 /home/sergey/public_html/kaskadstroy/yii/framework/base/CApplication.php(180): CWebApplication->processRequest()
#4 /home/sergey/public_html/kaskadstroy/index.php(13): CApplication->run()
#5 {main}
REQUEST_URI=/index.php/site/js/navToSelect.js
HTTP_REFERER=http://kaskadstroy/index.php/site/page?view=about
---
2014/09/28 17:50:44 [error] [exception.CHttpException.404] exception 'CHttpException' with message 'Системе не удалось найти запрашиваемое действие "js".' in /home/sergey/public_html/kaskadstroy/yii/framework/web/CController.php:483
Stack trace:
#0 /home/sergey/public_html/kaskadstroy/yii/framework/web/CController.php(270): CController->missingAction('js')
#1 /home/sergey/public_html/kaskadstroy/yii/framework/web/CWebApplication.php(282): CController->run('js')
#2 /home/sergey/public_html/kaskadstroy/yii/framework/web/CWebApplication.php(141): CWebApplication->runController('site/js/jquery....')
#3 /home/sergey/public_html/kaskadstroy/yii/framework/base/CApplication.php(180): CWebApplication->processRequest()
#4 /home/sergey/public_html/kaskadstroy/index.php(13): CApplication->run()
#5 {main}
REQUEST_URI=/index.php/site/js/jquery.tweet.js
HTTP_REFERER=http://kaskadstroy/index.php/site/page?view=about
---
2014/09/28 17:50:44 [error] [exception.CHttpException.404] exception 'CHttpException' with message 'Системе не удалось найти запрашиваемое действие "js".' in /home/sergey/public_html/kaskadstroy/yii/framework/web/CController.php:483
Stack trace:
#0 /home/sergey/public_html/kaskadstroy/yii/framework/web/CController.php(270): CController->missingAction('js')
#1 /home/sergey/public_html/kaskadstroy/yii/framework/web/CWebApplication.php(282): CController->run('js')
#2 /home/sergey/public_html/kaskadstroy/yii/framework/web/CWebApplication.php(141): CWebApplication->runController('site/js/w-tabs....')
#3 /home/sergey/public_html/kaskadstroy/yii/framework/base/CApplication.php(180): CWebApplication->processRequest()
#4 /home/sergey/public_html/kaskadstroy/index.php(13): CApplication->run()
#5 {main}
REQUEST_URI=/index.php/site/js/w-tabs.js
HTTP_REFERER=http://kaskadstroy/index.php/site/page?view=about
---
2014/09/28 17:50:44 [error] [exception.CHttpException.404] exception 'CHttpException' with message 'Системе не удалось найти запрашиваемое действие "js".' in /home/sergey/public_html/kaskadstroy/yii/framework/web/CController.php:483
Stack trace:
#0 /home/sergey/public_html/kaskadstroy/yii/framework/web/CController.php(270): CController->missingAction('js')
#1 /home/sergey/public_html/kaskadstroy/yii/framework/web/CWebApplication.php(282): CController->run('js')
#2 /home/sergey/public_html/kaskadstroy/yii/framework/web/CWebApplication.php(141): CWebApplication->runController('site/js/waypoin...')
#3 /home/sergey/public_html/kaskadstroy/yii/framework/base/CApplication.php(180): CWebApplication->processRequest()
#4 /home/sergey/public_html/kaskadstroy/index.php(13): CApplication->run()
#5 {main}
REQUEST_URI=/index.php/site/js/waypoints.min.js
HTTP_REFERER=http://kaskadstroy/index.php/site/page?view=about
---
2014/09/28 17:50:44 [error] [exception.CHttpException.404] exception 'CHttpException' with message 'Системе не удалось найти запрашиваемое действие "js".' in /home/sergey/public_html/kaskadstroy/yii/framework/web/CController.php:483
Stack trace:
#0 /home/sergey/public_html/kaskadstroy/yii/framework/web/CController.php(270): CController->missingAction('js')
#1 /home/sergey/public_html/kaskadstroy/yii/framework/web/CWebApplication.php(282): CController->run('js')
#2 /home/sergey/public_html/kaskadstroy/yii/framework/web/CWebApplication.php(141): CWebApplication->runController('site/js/w-lang....')
#3 /home/sergey/public_html/kaskadstroy/yii/framework/base/CApplication.php(180): CWebApplication->processRequest()
#4 /home/sergey/public_html/kaskadstroy/index.php(13): CApplication->run()
#5 {main}
REQUEST_URI=/index.php/site/js/w-lang.js
HTTP_REFERER=http://kaskadstroy/index.php/site/page?view=about
---
2014/09/28 17:50:44 [error] [exception.CHttpException.404] exception 'CHttpException' with message 'Системе не удалось найти запрашиваемое действие "js".' in /home/sergey/public_html/kaskadstroy/yii/framework/web/CController.php:483
Stack trace:
#0 /home/sergey/public_html/kaskadstroy/yii/framework/web/CController.php(270): CController->missingAction('js')
#1 /home/sergey/public_html/kaskadstroy/yii/framework/web/CWebApplication.php(282): CController->run('js')
#2 /home/sergey/public_html/kaskadstroy/yii/framework/web/CWebApplication.php(141): CWebApplication->runController('site/js/w-timel...')
#3 /home/sergey/public_html/kaskadstroy/yii/framework/base/CApplication.php(180): CWebApplication->processRequest()
#4 /home/sergey/public_html/kaskadstroy/index.php(13): CApplication->run()
#5 {main}
REQUEST_URI=/index.php/site/js/w-timeline.js
HTTP_REFERER=http://kaskadstroy/index.php/site/page?view=about
---
2014/09/28 17:50:44 [error] [exception.CHttpException.404] exception 'CHttpException' with message 'Системе не удалось найти запрашиваемое действие "img".' in /home/sergey/public_html/kaskadstroy/yii/framework/web/CController.php:483
Stack trace:
#0 /home/sergey/public_html/kaskadstroy/yii/framework/web/CController.php(270): CController->missingAction('img')
#1 /home/sergey/public_html/kaskadstroy/yii/framework/web/CWebApplication.php(282): CController->run('img')
#2 /home/sergey/public_html/kaskadstroy/yii/framework/web/CWebApplication.php(141): CWebApplication->runController('site/img/placeh...')
#3 /home/sergey/public_html/kaskadstroy/yii/framework/base/CApplication.php(180): CWebApplication->processRequest()
#4 /home/sergey/public_html/kaskadstroy/index.php(13): CApplication->run()
#5 {main}
REQUEST_URI=/index.php/site/img/placeholder/500x500.gif
HTTP_REFERER=http://kaskadstroy/index.php/site/page?view=about
---
2014/09/28 17:50:44 [error] [exception.CHttpException.404] exception 'CHttpException' with message 'Системе не удалось найти запрашиваемое действие "img".' in /home/sergey/public_html/kaskadstroy/yii/framework/web/CController.php:483
Stack trace:
#0 /home/sergey/public_html/kaskadstroy/yii/framework/web/CController.php(270): CController->missingAction('img')
#1 /home/sergey/public_html/kaskadstroy/yii/framework/web/CWebApplication.php(282): CController->run('img')
#2 /home/sergey/public_html/kaskadstroy/yii/framework/web/CWebApplication.php(141): CWebApplication->runController('site/img/placeh...')
#3 /home/sergey/public_html/kaskadstroy/yii/framework/base/CApplication.php(180): CWebApplication->processRequest()
#4 /home/sergey/public_html/kaskadstroy/index.php(13): CApplication->run()
#5 {main}
REQUEST_URI=/index.php/site/img/placeholder/540x360.gif
HTTP_REFERER=http://kaskadstroy/index.php/site/page?view=about
---
2014/09/28 17:50:44 [error] [exception.CHttpException.404] exception 'CHttpException' with message 'Системе не удалось найти запрашиваемое действие "img".' in /home/sergey/public_html/kaskadstroy/yii/framework/web/CController.php:483
Stack trace:
#0 /home/sergey/public_html/kaskadstroy/yii/framework/web/CController.php(270): CController->missingAction('img')
#1 /home/sergey/public_html/kaskadstroy/yii/framework/web/CWebApplication.php(282): CController->run('img')
#2 /home/sergey/public_html/kaskadstroy/yii/framework/web/CWebApplication.php(141): CWebApplication->runController('site/img/placeh...')
#3 /home/sergey/public_html/kaskadstroy/yii/framework/base/CApplication.php(180): CWebApplication->processRequest()
#4 /home/sergey/public_html/kaskadstroy/index.php(13): CApplication->run()
#5 {main}
REQUEST_URI=/index.php/site/img/placeholder/540x320.gif
HTTP_REFERER=http://kaskadstroy/index.php/site/page?view=about
---
2014/09/28 18:01:02 [error] [exception.CException] exception 'CException' with message 'Путь CAssetManager.basePath "/home/sergey/public_html/kaskadstroy/assets" задан неверно. Удостоверьтесь, что директория существует и доступна для записи пользователю, под которым запущен веб-сервер.' in /home/sergey/public_html/kaskadstroy/yii/framework/web/CAssetManager.php:138
Stack trace:
#0 /home/sergey/public_html/kaskadstroy/yii/framework/web/CAssetManager.php(123): CAssetManager->setBasePath('/home/sergey/pu...')
#1 /home/sergey/public_html/kaskadstroy/yii/framework/web/CAssetManager.php(217): CAssetManager->getBasePath()
#2 /home/sergey/public_html/kaskadstroy/yii/framework/gii/GiiModule.php(143): CAssetManager->publish('/home/sergey/pu...')
#3 /home/sergey/public_html/kaskadstroy/yii/framework/base/CComponent.php(111): GiiModule->getAssetsUrl()
#4 /home/sergey/public_html/kaskadstroy/yii/framework/base/CModule.php(105): CComponent->__get('assetsUrl')
#5 /home/sergey/public_html/kaskadstroy/yii/framework/gii/views/layouts/main.php(5): CModule->__get('assetsUrl')
#6 /home/sergey/public_html/kaskadstroy/yii/framework/web/CBaseController.php(126): require('/home/sergey/pu...')
#7 /home/sergey/public_html/kaskadstroy/yii/framework/web/CBaseController.php(95): CBaseController->renderInternal('/home/sergey/pu...', Array, true)
#8 /home/sergey/public_html/kaskadstroy/yii/framework/web/widgets/CContentDecorator.php(76): CBaseController->renderFile('/home/sergey/pu...', Array, true)
#9 /home/sergey/public_html/kaskadstroy/yii/framework/web/widgets/CContentDecorator.php(54): CContentDecorator->decorate('<div class="con...')
#10 /home/sergey/public_html/kaskadstroy/yii/framework/web/widgets/COutputProcessor.php(44): CContentDecorator->processOutput('<div class="con...')
#11 /home/sergey/public_html/kaskadstroy/yii/framework/web/CBaseController.php(206): COutputProcessor->run()
#12 /home/sergey/public_html/kaskadstroy/yii/framework/web/CBaseController.php(300): CBaseController->endWidget('CContentDecorat...')
#13 /home/sergey/public_html/kaskadstroy/yii/framework/gii/views/layouts/column1.php(7): CBaseController->endContent()
#14 /home/sergey/public_html/kaskadstroy/yii/framework/web/CBaseController.php(126): require('/home/sergey/pu...')
#15 /home/sergey/public_html/kaskadstroy/yii/framework/web/CBaseController.php(95): CBaseController->renderInternal('/home/sergey/pu...', Array, true)
#16 /home/sergey/public_html/kaskadstroy/yii/framework/web/CController.php(784): CBaseController->renderFile('/home/sergey/pu...', Array, true)
#17 /home/sergey/public_html/kaskadstroy/yii/framework/gii/controllers/DefaultController.php(47): CController->render('login', Array)
#18 /home/sergey/public_html/kaskadstroy/yii/framework/web/actions/CInlineAction.php(49): DefaultController->actionLogin()
#19 /home/sergey/public_html/kaskadstroy/yii/framework/web/CController.php(308): CInlineAction->runWithParams(Array)
#20 /home/sergey/public_html/kaskadstroy/yii/framework/web/CController.php(286): CController->runAction(Object(CInlineAction))
#21 /home/sergey/public_html/kaskadstroy/yii/framework/web/CController.php(265): CController->runActionWithFilters(Object(CInlineAction), Array)
#22 /home/sergey/public_html/kaskadstroy/yii/framework/web/CWebApplication.php(282): CController->run('login')
#23 /home/sergey/public_html/kaskadstroy/yii/framework/web/CWebApplication.php(141): CWebApplication->runController('gii/default/log...')
#24 /home/sergey/public_html/kaskadstroy/yii/framework/base/CApplication.php(180): CWebApplication->processRequest()
#25 /home/sergey/public_html/kaskadstroy/index.php(13): CApplication->run()
#26 {main}
REQUEST_URI=/index.php?r=gii/default/login
---
2014/09/28 18:12:40 [error] [exception.CException] exception 'CException' with message 'Контроллер DefaultController не может найти представление "login".' in /home/sergey/public_html/kaskadstroy/yii/framework/web/CController.php:878
Stack trace:
#0 /home/sergey/public_html/kaskadstroy/yii/framework/web/CController.php(782): CController->renderPartial('login', NULL, true)
#1 /home/sergey/public_html/kaskadstroy/protected/modules/admin/controllers/DefaultController.php(9): CController->render('login')
#2 /home/sergey/public_html/kaskadstroy/yii/framework/web/actions/CInlineAction.php(49): DefaultController->actionIndex()
#3 /home/sergey/public_html/kaskadstroy/yii/framework/web/CController.php(308): CInlineAction->runWithParams(Array)
#4 /home/sergey/public_html/kaskadstroy/yii/framework/web/CController.php(286): CController->runAction(Object(CInlineAction))
#5 /home/sergey/public_html/kaskadstroy/yii/framework/web/CController.php(265): CController->runActionWithFilters(Object(CInlineAction), Array)
#6 /home/sergey/public_html/kaskadstroy/yii/framework/web/CWebApplication.php(282): CController->run('')
#7 /home/sergey/public_html/kaskadstroy/yii/framework/web/CWebApplication.php(141): CWebApplication->runController('admin')
#8 /home/sergey/public_html/kaskadstroy/yii/framework/base/CApplication.php(180): CWebApplication->processRequest()
#9 /home/sergey/public_html/kaskadstroy/index.php(13): CApplication->run()
#10 {main}
REQUEST_URI=/index.php?r=admin
---
2014/09/28 18:13:12 [error] [php] Undefined variable: model (/home/sergey/public_html/kaskadstroy/protected/modules/admin/views/default/login.php:43)
Stack trace:
#0 /home/sergey/public_html/kaskadstroy/yii/framework/web/CController.php(869): DefaultController->renderFile()
#1 /home/sergey/public_html/kaskadstroy/yii/framework/web/CController.php(782): DefaultController->renderPartial()
#2 /home/sergey/public_html/kaskadstroy/protected/modules/admin/controllers/DefaultController.php(9): DefaultController->render()
#3 /home/sergey/public_html/kaskadstroy/yii/framework/web/actions/CInlineAction.php(49): DefaultController->actionIndex()
#4 /home/sergey/public_html/kaskadstroy/yii/framework/web/CController.php(308): CInlineAction->runWithParams()
#5 /home/sergey/public_html/kaskadstroy/yii/framework/web/CController.php(286): DefaultController->runAction()
#6 /home/sergey/public_html/kaskadstroy/yii/framework/web/CController.php(265): DefaultController->runActionWithFilters()
#7 /home/sergey/public_html/kaskadstroy/yii/framework/web/CWebApplication.php(282): DefaultController->run()
#8 /home/sergey/public_html/kaskadstroy/yii/framework/web/CWebApplication.php(141): CWebApplication->runController()
#9 /home/sergey/public_html/kaskadstroy/yii/framework/base/CApplication.php(180): CWebApplication->processRequest()
#10 /home/sergey/public_html/kaskadstroy/index.php(13): CWebApplication->run()
REQUEST_URI=/index.php?r=admin
in /home/sergey/public_html/kaskadstroy/protected/modules/admin/views/default/login.php (43)
in /home/sergey/public_html/kaskadstroy/protected/modules/admin/controllers/DefaultController.php (9)
in /home/sergey/public_html/kaskadstroy/index.php (13)
2014/09/28 18:15:25 [error] [php] Undefined variable: model (/home/sergey/public_html/kaskadstroy/protected/modules/admin/views/default/login.php:43)
Stack trace:
#0 /home/sergey/public_html/kaskadstroy/yii/framework/web/CController.php(869): DefaultController->renderFile()
#1 /home/sergey/public_html/kaskadstroy/yii/framework/web/CController.php(782): DefaultController->renderPartial()
#2 /home/sergey/public_html/kaskadstroy/protected/modules/admin/controllers/DefaultController.php(9): DefaultController->render()
#3 /home/sergey/public_html/kaskadstroy/yii/framework/web/actions/CInlineAction.php(49): DefaultController->actionIndex()
#4 /home/sergey/public_html/kaskadstroy/yii/framework/web/CController.php(308): CInlineAction->runWithParams()
#5 /home/sergey/public_html/kaskadstroy/yii/framework/web/CController.php(286): DefaultController->runAction()
#6 /home/sergey/public_html/kaskadstroy/yii/framework/web/CController.php(265): DefaultController->runActionWithFilters()
#7 /home/sergey/public_html/kaskadstroy/yii/framework/web/CWebApplication.php(282): DefaultController->run()
#8 /home/sergey/public_html/kaskadstroy/yii/framework/web/CWebApplication.php(141): CWebApplication->runController()
#9 /home/sergey/public_html/kaskadstroy/yii/framework/base/CApplication.php(180): CWebApplication->processRequest()
#10 /home/sergey/public_html/kaskadstroy/index.php(13): CWebApplication->run()
REQUEST_URI=/index.php?r=admin
in /home/sergey/public_html/kaskadstroy/protected/modules/admin/views/default/login.php (43)
in /home/sergey/public_html/kaskadstroy/protected/modules/admin/controllers/DefaultController.php (9)
in /home/sergey/public_html/kaskadstroy/index.php (13)
2014/09/28 18:15:54 [error] [exception.CHttpException.404] exception 'CHttpException' with message 'Невозможно обработать запрос "admin/admin/login".' in /home/sergey/public_html/kaskadstroy/yii/framework/web/CWebApplication.php:286
Stack trace:
#0 /home/sergey/public_html/kaskadstroy/yii/framework/web/CWebApplication.php(141): CWebApplication->runController('admin/admin/log...')
#1 /home/sergey/public_html/kaskadstroy/yii/framework/base/CApplication.php(180): CWebApplication->processRequest()
#2 /home/sergey/public_html/kaskadstroy/index.php(13): CApplication->run()
#3 {main}
REQUEST_URI=/index.php?r=admin/admin/login
HTTP_REFERER=http://kaskadstroy/index.php?r=admin
---
2014/09/28 18:16:12 [error] [exception.CHttpException.404] exception 'CHttpException' with message 'Невозможно обработать запрос "admin/login".' in /home/sergey/public_html/kaskadstroy/yii/framework/web/CWebApplication.php:286
Stack trace:
#0 /home/sergey/public_html/kaskadstroy/yii/framework/web/CWebApplication.php(141): CWebApplication->runController('admin/login')
#1 /home/sergey/public_html/kaskadstroy/yii/framework/base/CApplication.php(180): CWebApplication->processRequest()
#2 /home/sergey/public_html/kaskadstroy/index.php(13): CApplication->run()
#3 {main}
REQUEST_URI=/index.php?r=admin/login
HTTP_REFERER=http://kaskadstroy/index.php?r=admin
---
2014/09/28 18:16:50 [error] [exception.CHttpException.404] exception 'CHttpException' with message 'Невозможно обработать запрос "admin/login".' in /home/sergey/public_html/kaskadstroy/yii/framework/web/CWebApplication.php:286
Stack trace:
#0 /home/sergey/public_html/kaskadstroy/yii/framework/web/CWebApplication.php(141): CWebApplication->runController('admin/login')
#1 /home/sergey/public_html/kaskadstroy/yii/framework/base/CApplication.php(180): CWebApplication->processRequest()
#2 /home/sergey/public_html/kaskadstroy/index.php(13): CApplication->run()
#3 {main}
REQUEST_URI=/index.php?r=admin/login
HTTP_REFERER=http://kaskadstroy/index.php?r=admin
---
2014/09/28 18:17:00 [error] [exception.CHttpException.404] exception 'CHttpException' with message 'Невозможно обработать запрос "admin/login/login".' in /home/sergey/public_html/kaskadstroy/yii/framework/web/CWebApplication.php:286
Stack trace:
#0 /home/sergey/public_html/kaskadstroy/yii/framework/web/CWebApplication.php(141): CWebApplication->runController('admin/login/log...')
#1 /home/sergey/public_html/kaskadstroy/yii/framework/base/CApplication.php(180): CWebApplication->processRequest()
#2 /home/sergey/public_html/kaskadstroy/index.php(13): CApplication->run()
#3 {main}
REQUEST_URI=/index.php?r=admin/login/login
HTTP_REFERER=http://kaskadstroy/index.php?r=admin
---
2014/09/28 18:24:09 [error] [exception.CException] exception 'CException' with message 'Не определено свойство "AdminModule.admin".' in /home/sergey/public_html/kaskadstroy/yii/framework/base/CComponent.php:130
Stack trace:
#0 /home/sergey/public_html/kaskadstroy/yii/framework/base/CModule.php(105): CComponent->__get('admin')
#1 /home/sergey/public_html/kaskadstroy/protected/modules/admin/controllers/DefaultController.php(48): CModule->__get('admin')
#2 /home/sergey/public_html/kaskadstroy/yii/framework/web/actions/CInlineAction.php(49): DefaultController->actionLogin()
#3 /home/sergey/public_html/kaskadstroy/yii/framework/web/CController.php(308): CInlineAction->runWithParams(Array)
#4 /home/sergey/public_html/kaskadstroy/yii/framework/web/CController.php(286): CController->runAction(Object(CInlineAction))
#5 /home/sergey/public_html/kaskadstroy/yii/framework/web/CController.php(265): CController->runActionWithFilters(Object(CInlineAction), Array)
#6 /home/sergey/public_html/kaskadstroy/yii/framework/web/CWebApplication.php(282): CController->run('')
#7 /home/sergey/public_html/kaskadstroy/yii/framework/web/CWebApplication.php(141): CWebApplication->runController('admin')
#8 /home/sergey/public_html/kaskadstroy/yii/framework/base/CApplication.php(180): CWebApplication->processRequest()
#9 /home/sergey/public_html/kaskadstroy/index.php(13): CApplication->run()
#10 {main}
REQUEST_URI=/index.php?r=admin
HTTP_REFERER=http://kaskadstroy/index.php?r=admin
---
2014/09/28 18:24:45 [error] [exception.CException] exception 'CException' with message 'Не определено свойство "DefaultController.admin".' in /home/sergey/public_html/kaskadstroy/yii/framework/base/CComponent.php:130
Stack trace:
#0 /home/sergey/public_html/kaskadstroy/protected/modules/admin/controllers/DefaultController.php(48): CComponent->__get('admin')
#1 /home/sergey/public_html/kaskadstroy/yii/framework/web/actions/CInlineAction.php(49): DefaultController->actionLogin()
#2 /home/sergey/public_html/kaskadstroy/yii/framework/web/CController.php(308): CInlineAction->runWithParams(Array)
#3 /home/sergey/public_html/kaskadstroy/yii/framework/web/CController.php(286): CController->runAction(Object(CInlineAction))
#4 /home/sergey/public_html/kaskadstroy/yii/framework/web/CController.php(265): CController->runActionWithFilters(Object(CInlineAction), Array)
#5 /home/sergey/public_html/kaskadstroy/yii/framework/web/CWebApplication.php(282): CController->run('')
#6 /home/sergey/public_html/kaskadstroy/yii/framework/web/CWebApplication.php(141): CWebApplication->runController('admin')
#7 /home/sergey/public_html/kaskadstroy/yii/framework/base/CApplication.php(180): CWebApplication->processRequest()
#8 /home/sergey/public_html/kaskadstroy/index.php(13): CApplication->run()
#9 {main}
REQUEST_URI=/index.php?r=admin
HTTP_REFERER=http://kaskadstroy/index.php?r=admin
---
2014/09/28 18:25:25 [error] [exception.CException] exception 'CException' with message 'Не определено свойство "DefaultController.index".' in /home/sergey/public_html/kaskadstroy/yii/framework/base/CComponent.php:130
Stack trace:
#0 /home/sergey/public_html/kaskadstroy/protected/modules/admin/controllers/DefaultController.php(48): CComponent->__get('index')
#1 /home/sergey/public_html/kaskadstroy/yii/framework/web/actions/CInlineAction.php(49): DefaultController->actionLogin()
#2 /home/sergey/public_html/kaskadstroy/yii/framework/web/CController.php(308): CInlineAction->runWithParams(Array)
#3 /home/sergey/public_html/kaskadstroy/yii/framework/web/CController.php(286): CController->runAction(Object(CInlineAction))
#4 /home/sergey/public_html/kaskadstroy/yii/framework/web/CController.php(265): CController->runActionWithFilters(Object(CInlineAction), Array)
#5 /home/sergey/public_html/kaskadstroy/yii/framework/web/CWebApplication.php(282): CController->run('')
#6 /home/sergey/public_html/kaskadstroy/yii/framework/web/CWebApplication.php(141): CWebApplication->runController('admin')
#7 /home/sergey/public_html/kaskadstroy/yii/framework/base/CApplication.php(180): CWebApplication->processRequest()
#8 /home/sergey/public_html/kaskadstroy/index.php(13): CApplication->run()
#9 {main}
REQUEST_URI=/index.php?r=admin
HTTP_REFERER=http://kaskadstroy/index.php?r=admin
---
2014/09/28 18:28:42 [error] [exception.CHttpException.404] exception 'CHttpException' with message 'Невозможно обработать запрос "admin/login/login".' in /home/sergey/public_html/kaskadstroy/yii/framework/web/CWebApplication.php:286
Stack trace:
#0 /home/sergey/public_html/kaskadstroy/yii/framework/web/CWebApplication.php(141): CWebApplication->runController('admin/login/log...')
#1 /home/sergey/public_html/kaskadstroy/yii/framework/base/CApplication.php(180): CWebApplication->processRequest()
#2 /home/sergey/public_html/kaskadstroy/index.php(13): CApplication->run()
#3 {main}
REQUEST_URI=/index.php?r=admin/login/login
HTTP_REFERER=http://kaskadstroy/index.php?r=admin/default/index
---
2014/09/28 18:30:17 [error] [exception.CHttpException.404] exception 'CHttpException' with message 'Невозможно обработать запрос "admin/logout".' in /home/sergey/public_html/kaskadstroy/yii/framework/web/CWebApplication.php:286
Stack trace:
#0 /home/sergey/public_html/kaskadstroy/yii/framework/web/CWebApplication.php(141): CWebApplication->runController('admin/logout')
#1 /home/sergey/public_html/kaskadstroy/yii/framework/base/CApplication.php(180): CWebApplication->processRequest()
#2 /home/sergey/public_html/kaskadstroy/index.php(13): CApplication->run()
#3 {main}
REQUEST_URI=/index.php?r=admin/logout
HTTP_REFERER=http://kaskadstroy/index.php?r=admin/default/index
---
2014/09/28 18:30:46 [error] [exception.CHttpException.404] exception 'CHttpException' with message 'Невозможно обработать запрос "admin/logout".' in /home/sergey/public_html/kaskadstroy/yii/framework/web/CWebApplication.php:286
Stack trace:
#0 /home/sergey/public_html/kaskadstroy/yii/framework/web/CWebApplication.php(141): CWebApplication->runController('admin/logout')
#1 /home/sergey/public_html/kaskadstroy/yii/framework/base/CApplication.php(180): CWebApplication->processRequest()
#2 /home/sergey/public_html/kaskadstroy/index.php(13): CApplication->run()
#3 {main}
REQUEST_URI=/index.php?r=admin/logout
HTTP_REFERER=http://kaskadstroy/index.php?r=admin/default/index
---
2014/09/28 18:31:54 [error] [exception.CHttpException.404] exception 'CHttpException' with message 'Невозможно обработать запрос "admin/logout".' in /home/sergey/public_html/kaskadstroy/yii/framework/web/CWebApplication.php:286
Stack trace:
#0 /home/sergey/public_html/kaskadstroy/yii/framework/web/CWebApplication.php(141): CWebApplication->runController('admin/logout')
#1 /home/sergey/public_html/kaskadstroy/yii/framework/base/CApplication.php(180): CWebApplication->processRequest()
#2 /home/sergey/public_html/kaskadstroy/index.php(13): CApplication->run()
#3 {main}
REQUEST_URI=/index.php?r=admin/logout
HTTP_REFERER=http://kaskadstroy/index.php?r=admin/default/index
---
2014/09/28 18:33:36 [error] [exception.CHttpException.404] exception 'CHttpException' with message 'Невозможно обработать запрос "admin/login/login".' in /home/sergey/public_html/kaskadstroy/yii/framework/web/CWebApplication.php:286
Stack trace:
#0 /home/sergey/public_html/kaskadstroy/yii/framework/web/CWebApplication.php(141): CWebApplication->runController('admin/login/log...')
#1 /home/sergey/public_html/kaskadstroy/yii/framework/base/CApplication.php(180): CWebApplication->processRequest()
#2 /home/sergey/public_html/kaskadstroy/index.php(13): CApplication->run()
#3 {main}
REQUEST_URI=/index.php?r=admin/login/login
HTTP_REFERER=http://kaskadstroy/index.php?r=admin/default/index
---
2014/09/28 19:20:40 [error] [exception.CHttpException.404] exception 'CHttpException' with message 'Невозможно обработать запрос "giit".' in /home/sergey/public_html/kaskadstroy/yii/framework/web/CWebApplication.php:286
Stack trace:
#0 /home/sergey/public_html/kaskadstroy/yii/framework/web/CWebApplication.php(141): CWebApplication->runController('giit')
#1 /home/sergey/public_html/kaskadstroy/yii/framework/base/CApplication.php(180): CWebApplication->processRequest()
#2 /home/sergey/public_html/kaskadstroy/index.php(13): CApplication->run()
#3 {main}
REQUEST_URI=/index.php?r=giit
---
